activating the configuration...
setting up /etc...
reloading user units for borazan...
restarting sysinit-reactivation.target
restarting the following units: home-manager-borazan.service
tore/57bfvgp3sic2vfdslycdyddldms0zny7-waybar-style.css.drv
  /nix/store/l6s04dvinx3cz25qf05h01ffnjirm5gx-waybar-config.json.drv
  /nix/store/3nzddhczis6vb85nbiayq7ynjl9qn0ql-activation-script.drv
  /nix/store/8j28rvvv2397imdm5yhqhrz13xi4jlpn-home-manager-files.drv
  /nix/store/v9p18ji5pj2wj8ywwashjycbaad84660-home-manager-generation.drv
  /nix/store/np4g3jmmnk82nc71m69ryjh5f7qxhbfp-unit-home-manager-borazan.service.drv
  /nix/store/bdk4d6s8j2qrwl2apkz2sp6wazz2scdi-system-units.drv
  /nix/store/ixc7jczy7yvfgwpm8v8z4zs2vmhsd7af-etc.drv
  /nix/store/p1bxjm0p2z15337a9yinqg2dlxn5fsbp-nixos-system-nixos-24.05.20240224.73de017.drv
building '/nix/store/57bfvgp3sic2vfdslycdyddldms0zny7-waybar-style.css.drv'...
building '/nix/store/l6s04dvinx3cz25qf05h01ffnjirm5gx-waybar-config.json.drv'...
building '/nix/store/3nzddhczis6vb85nbiayq7ynjl9qn0ql-activation-script.drv'...
building '/nix/store/8j28rvvv2397imdm5yhqhrz13xi4jlpn-home-manager-files.drv'...
building '/nix/store/v9p18ji5pj2wj8ywwashjycbaad84660-home-manager-generation.drv'...
building '/nix/store/np4g3jmmnk82nc71m69ryjh5f7qxhbfp-unit-home-manager-borazan.service.drv'...
building '/nix/store/bdk4d6s8j2qrwl2apkz2sp6wazz2scdi-system-units.drv'...
building '/nix/store/ixc7jczy7yvfgwpm8v8z4zs2vmhsd7af-etc.drv'...
building '/nix/store/p1bxjm0p2z15337a9yinqg2dlxn5fsbp-nixos-system-nixos-24.05.20240224.73de017.drv'...
